2024-08-26 12:54:43,332 INFO: Post request received [in /Users/shaunoffenbacher/Desktop/paxxserv/app/routes/auth_check_route.py:81]
2024-08-26 12:54:43,332 INFO: Received JSON data: {'uid': '0es2TCkoX0WLXn0MXfdsUdRfHjQ2'} [in /Users/shaunoffenbacher/Desktop/paxxserv/app/routes/auth_check_route.py:84]
2024-08-26 12:54:43,905 INFO: auth_check took 0.5735409259796143 seconds [in /Users/shaunoffenbacher/Desktop/paxxserv/app/routes/auth_check_route.py:88]
2024-08-26 12:54:52,893 INFO: Request method: OPTIONS [in /Users/shaunoffenbacher/Desktop/paxxserv/app/routes/auth_check_route.py:22]
2024-08-26 12:54:52,894 INFO: Received headers: Host: 127.0.0.1:3033
Connection: keep-alive
Accept: */*
Access-Control-Request-Method: POST
Access-Control-Request-Headers: content-type,dbname
Origin: http://localhost:3000
User-Agent: Mozilla/5.0 (Macintosh; Intel Mac OS X 10_15_7) AppleWebKit/537.36 (KHTML, like Gecko) Chrome/128.0.0.0 Safari/537.36
Sec-Fetch-Mode: cors
Sec-Fetch-Site: cross-site
Sec-Fetch-Dest: empty
Referer: http://localhost:3000/
Accept-Encoding: gzip, deflate, br, zstd
Accept-Language: en-US,en;q=0.9

 [in /Users/shaunoffenbacher/Desktop/paxxserv/app/routes/auth_check_route.py:23]
2024-08-26 12:54:52,902 INFO: Request method: POST [in /Users/shaunoffenbacher/Desktop/paxxserv/app/routes/auth_check_route.py:22]
2024-08-26 12:54:52,902 INFO: Received headers: Content-Type: application/json
Content-Length: 38
Host: 127.0.0.1:3033
Connection: keep-alive
Sec-Ch-Ua: "Chromium";v="128", "Not;A=Brand";v="24", "Google Chrome";v="128"
Dbname: paxxium
Sec-Ch-Ua-Platform: "macOS"
Sec-Ch-Ua-Mobile: ?0
User-Agent: Mozilla/5.0 (Macintosh; Intel Mac OS X 10_15_7) AppleWebKit/537.36 (KHTML, like Gecko) Chrome/128.0.0.0 Safari/537.36
Accept: */*
Origin: http://localhost:3000
Sec-Fetch-Site: cross-site
Sec-Fetch-Mode: cors
Sec-Fetch-Dest: empty
Referer: http://localhost:3000/
Accept-Encoding: gzip, deflate, br, zstd
Accept-Language: en-US,en;q=0.9

 [in /Users/shaunoffenbacher/Desktop/paxxserv/app/routes/auth_check_route.py:23]
2024-08-26 12:54:53,004 INFO: Database connection successful. [in /Users/shaunoffenbacher/Desktop/paxxserv/app/routes/auth_check_route.py:39]
2024-08-26 12:54:53,004 INFO: initialize_services took 0.10213804244995117 seconds [in /Users/shaunoffenbacher/Desktop/paxxserv/app/routes/auth_check_route.py:44]
2024-08-26 12:54:53,004 INFO: auth_check called with method: POST [in /Users/shaunoffenbacher/Desktop/paxxserv/app/routes/auth_check_route.py:52]
2024-08-26 12:54:53,004 INFO: Post request received [in /Users/shaunoffenbacher/Desktop/paxxserv/app/routes/auth_check_route.py:81]
2024-08-26 12:54:53,005 INFO: Received JSON data: {'uid': '0es2TCkoX0WLXn0MXfdsUdRfHjQ2'} [in /Users/shaunoffenbacher/Desktop/paxxserv/app/routes/auth_check_route.py:84]
2024-08-26 12:54:53,567 INFO: auth_check took 0.5629658699035645 seconds [in /Users/shaunoffenbacher/Desktop/paxxserv/app/routes/auth_check_route.py:88]
2024-08-26 13:08:38,377 INFO: Paxxserv startup [in /Users/shaunoffenbacher/Desktop/paxxserv/app/__init__.py:38]
2024-08-26 13:15:10,812 INFO: Paxxserv startup [in /Users/shaunoffenbacher/Desktop/paxxserv/app/__init__.py:38]
2024-08-26 14:29:50,926 INFO: Paxxserv startup [in /Users/shaunoffenbacher/Desktop/paxxserv/app/__init__.py:38]
2024-08-26 14:30:30,082 INFO: Paxxserv startup [in /Users/shaunoffenbacher/Desktop/paxxserv/app/__init__.py:38]
2024-08-26 14:30:31,685 INFO: Paxxserv startup [in /Users/shaunoffenbacher/Desktop/paxxserv/app/__init__.py:38]
2024-08-26 14:33:57,305 INFO: Paxxserv startup [in /Users/shaunoffenbacher/Desktop/paxxserv/app/__init__.py:38]
2024-08-26 14:33:58,949 INFO: Paxxserv startup [in /Users/shaunoffenbacher/Desktop/paxxserv/app/__init__.py:38]
2024-08-27 11:55:21,270 INFO: Paxxserv startup [in /Users/shaunoffenbacher/Desktop/paxxserv/app/__init__.py:38]
2024-08-27 11:55:24,634 INFO: Paxxserv startup [in /Users/shaunoffenbacher/Desktop/paxxserv/app/__init__.py:38]
2024-08-27 11:55:40,316 INFO: Request method: GET [in /Users/shaunoffenbacher/Desktop/paxxserv/app/routes/auth_check_route.py:20]
2024-08-27 11:55:40,316 INFO: Received headers: Host: 127.0.0.1:3033
Connection: keep-alive
Sec-Ch-Ua: "Chromium";v="128", "Not;A=Brand";v="24", "Google Chrome";v="128"
Sec-Ch-Ua-Mobile: ?0
User-Agent: Mozilla/5.0 (Macintosh; Intel Mac OS X 10_15_7) AppleWebKit/537.36 (KHTML, like Gecko) Chrome/128.0.0.0 Safari/537.36
Sec-Ch-Ua-Platform: "macOS"
Accept: */*
Origin: http://localhost:3000
Sec-Fetch-Site: cross-site
Sec-Fetch-Mode: cors
Sec-Fetch-Dest: empty
Referer: http://localhost:3000/
Accept-Encoding: gzip, deflate, br, zstd
Accept-Language: en-US,en;q=0.9

 [in /Users/shaunoffenbacher/Desktop/paxxserv/app/routes/auth_check_route.py:21]
2024-08-27 11:55:40,316 INFO: auth_check called with method: GET [in /Users/shaunoffenbacher/Desktop/paxxserv/app/routes/auth_check_route.py:50]
2024-08-27 11:55:40,317 INFO: Fetching Firebase configuration [in /Users/shaunoffenbacher/Desktop/paxxserv/app/routes/auth_check_route.py:57]
2024-08-27 11:55:40,317 INFO: Firebase configuration fetched successfully [in /Users/shaunoffenbacher/Desktop/paxxserv/app/routes/auth_check_route.py:72]
2024-08-27 11:57:29,277 INFO: Paxxserv startup [in /Users/shaunoffenbacher/Desktop/paxxserv/app/__init__.py:38]
2024-08-27 11:59:59,014 INFO: Paxxserv startup [in /Users/shaunoffenbacher/Desktop/paxxserv/app/__init__.py:44]
2024-08-27 12:00:00,894 INFO: Paxxserv startup [in /Users/shaunoffenbacher/Desktop/paxxserv/app/__init__.py:44]
2024-08-27 12:00:15,307 INFO: Paxxserv startup [in /Users/shaunoffenbacher/Desktop/paxxserv/app/__init__.py:44]
2024-08-27 12:00:23,516 INFO: Paxxserv startup [in /Users/shaunoffenbacher/Desktop/paxxserv/app/__init__.py:44]
2024-08-27 12:00:35,840 INFO: Paxxserv startup [in /Users/shaunoffenbacher/Desktop/paxxserv/app/__init__.py:44]
2024-08-27 12:00:44,031 INFO: Paxxserv startup [in /Users/shaunoffenbacher/Desktop/paxxserv/app/__init__.py:44]
2024-08-27 12:00:52,169 INFO: Paxxserv startup [in /Users/shaunoffenbacher/Desktop/paxxserv/app/__init__.py:44]
2024-08-27 12:00:58,296 INFO: Paxxserv startup [in /Users/shaunoffenbacher/Desktop/paxxserv/app/__init__.py:44]
2024-08-27 12:01:01,261 INFO: Paxxserv startup [in /Users/shaunoffenbacher/Desktop/paxxserv/app/__init__.py:44]
2024-08-27 12:01:06,412 INFO: Paxxserv startup [in /Users/shaunoffenbacher/Desktop/paxxserv/app/__init__.py:44]
2024-08-27 12:01:08,374 INFO: Paxxserv startup [in /Users/shaunoffenbacher/Desktop/paxxserv/app/__init__.py:44]
2024-08-27 12:01:18,643 INFO: Paxxserv startup [in /Users/shaunoffenbacher/Desktop/paxxserv/app/__init__.py:44]
2024-08-27 12:02:17,428 INFO: Fetching Firebase configuration [in /Users/shaunoffenbacher/Desktop/paxxserv/app/routes/auth_check_route.py:40]
2024-08-27 12:02:25,371 INFO: Database connection successful. [in /Users/shaunoffenbacher/Desktop/paxxserv/app/routes/auth_check_route.py:27]
2024-08-27 12:02:58,245 INFO: Paxxserv startup [in /Users/shaunoffenbacher/Desktop/paxxserv/app/__init__.py:44]
2024-08-27 12:03:01,673 INFO: Paxxserv startup [in /Users/shaunoffenbacher/Desktop/paxxserv/app/__init__.py:44]
2024-08-27 12:03:05,768 INFO: Paxxserv startup [in /Users/shaunoffenbacher/Desktop/paxxserv/app/__init__.py:44]
2024-08-27 12:03:10,920 INFO: Paxxserv startup [in /Users/shaunoffenbacher/Desktop/paxxserv/app/__init__.py:44]
